TN:
SF:src/app/painter/polygon.ts
FN:13,(anonymous_3)
FN:17,Polygon
FN:22,(anonymous_5)
FN:23,(anonymous_6)
FN:26,(anonymous_7)
FN:30,(anonymous_8)
FN:39,(anonymous_9)
FN:51,(anonymous_10)
FN:60,(anonymous_11)
FN:71,(anonymous_12)
FN:79,(anonymous_13)
FN:80,(anonymous_14)
FN:94,(anonymous_15)
FN:108,(anonymous_16)
FN:120,(anonymous_17)
FN:127,(anonymous_18)
FN:146,(anonymous_19)
FN:151,removeOneEar
FN:168,findConvexIndexes
FNF:19
FNH:5
FNDA:1,(anonymous_3)
FNDA:2,Polygon
FNDA:0,(anonymous_5)
FNDA:0,(anonymous_6)
FNDA:0,(anonymous_7)
FNDA:18,(anonymous_8)
FNDA:11,(anonymous_9)
FNDA:0,(anonymous_10)
FNDA:0,(anonymous_11)
FNDA:0,(anonymous_12)
FNDA:0,(anonymous_13)
FNDA:0,(anonymous_14)
FNDA:1,(anonymous_15)
FNDA:0,(anonymous_16)
FNDA:0,(anonymous_17)
FNDA:0,(anonymous_18)
FNDA:0,(anonymous_19)
FNDA:0,removeOneEar
FNDA:0,findConvexIndexes
DA:1,1
DA:2,1
DA:5,1
DA:13,1
DA:17,2
DA:18,2
DA:19,2
DA:22,1
DA:23,0
DA:26,1
DA:27,0
DA:30,1
DA:31,18
DA:39,1
DA:40,11
DA:41,11
DA:43,11
DA:44,11
DA:51,1
DA:52,0
DA:53,0
DA:54,0
DA:60,1
DA:61,0
DA:62,0
DA:63,0
DA:64,0
DA:66,0
DA:67,0
DA:71,1
DA:72,0
DA:73,0
DA:79,1
DA:80,0
DA:81,0
DA:82,0
DA:83,0
DA:84,0
DA:85,0
DA:87,0
DA:94,1
DA:95,1
DA:96,1
DA:97,1
DA:98,1
DA:99,1
DA:100,1
DA:102,1
DA:103,1
DA:104,1
DA:105,1
DA:108,1
DA:109,0
DA:110,0
DA:111,0
DA:113,0
DA:120,1
DA:121,0
DA:122,0
DA:123,0
DA:124,0
DA:127,1
DA:128,0
DA:129,0
DA:130,0
DA:131,0
DA:132,0
DA:133,0
DA:135,0
DA:136,0
DA:142,0
DA:143,0
DA:146,1
DA:147,0
DA:149,1
DA:152,0
DA:153,0
DA:154,0
DA:156,0
DA:157,0
DA:162,0
DA:165,0
DA:169,0
DA:170,0
DA:171,0
DA:172,0
DA:173,0
DA:174,0
DA:175,0
DA:178,0
DA:179,0
DA:180,0
DA:181,0
DA:182,0
DA:183,0
DA:184,0
DA:185,0
DA:187,0
LF:98
LH:36
BRDA:17,0,0,0
BRDA:41,1,0,0
BRDA:43,2,0,2
BRDA:60,3,0,0
BRDA:62,4,0,0
BRDA:62,4,1,0
BRDA:62,5,0,0
BRDA:62,5,1,0
BRDA:67,6,0,0
BRDA:67,6,1,0
BRDA:100,7,0,0
BRDA:131,8,0,0
BRDA:135,9,0,0
BRDA:154,10,0,0
BRDA:156,11,0,0
BRDA:173,12,0,0
BRDA:185,13,0,0
BRF:17
BRH:1
end_of_record
TN:
SF:src/app/painter/sub-polygon.ts
FN:5,(anonymous_2)
FN:6,SubPolygon
FN:8,(anonymous_4)
FN:12,(anonymous_5)
FN:17,(anonymous_6)
FN:18,(anonymous_7)
FN:24,(anonymous_8)
FN:31,(anonymous_9)
FN:51,(anonymous_10)
FNF:9
FNH:1
FNDA:1,(anonymous_2)
FNDA:0,SubPolygon
FNDA:0,(anonymous_4)
FNDA:0,(anonymous_5)
FNDA:0,(anonymous_6)
FNDA:0,(anonymous_7)
FNDA:0,(anonymous_8)
FNDA:0,(anonymous_9)
FNDA:0,(anonymous_10)
DA:3,1
DA:5,1
DA:6,0
DA:8,1
DA:9,0
DA:12,1
DA:13,0
DA:14,0
DA:17,1
DA:18,0
DA:19,0
DA:20,0
DA:21,0
DA:24,1
DA:25,0
DA:26,0
DA:27,0
DA:28,0
DA:31,1
DA:32,0
DA:33,0
DA:34,0
DA:35,0
DA:36,0
DA:37,0
DA:38,0
DA:39,0
DA:40,0
DA:41,0
DA:42,0
DA:43,0
DA:44,0
DA:45,0
DA:46,0
DA:48,0
DA:51,1
DA:52,0
DA:53,0
DA:54,0
DA:56,1
LF:40
LH:9
BRDA:43,0,0,0
BRDA:46,1,0,0
BRDA:53,2,0,0
BRF:3
BRH:0
end_of_record
TN:
SF:src/data/data.ts
FN:8,(anonymous_7)
FN:22,Data
FN:144,(anonymous_9)
FN:11,(anonymous_10)
FN:32,(anonymous_11)
FN:33,(anonymous_12)
FN:36,(anonymous_13)
FN:41,(anonymous_14)
FN:44,(anonymous_15)
FN:54,(anonymous_16)
FN:59,(anonymous_17)
FN:66,(anonymous_18)
FN:81,(anonymous_19)
FN:88,(anonymous_20)
FN:96,(anonymous_21)
FN:103,(anonymous_22)
FN:112,(anonymous_23)
FN:114,(anonymous_24)
FN:129,(anonymous_25)
FN:137,(anonymous_26)
FN:140,(anonymous_27)
FN:154,(anonymous_28)
FNF:22
FNH:15
FNDA:1,(anonymous_7)
FNDA:5,Data
FNDA:0,(anonymous_9)
FNDA:0,(anonymous_10)
FNDA:5,(anonymous_11)
FNDA:13,(anonymous_12)
FNDA:9,(anonymous_13)
FNDA:16,(anonymous_14)
FNDA:8,(anonymous_15)
FNDA:1,(anonymous_16)
FNDA:3,(anonymous_17)
FNDA:0,(anonymous_18)
FNDA:8,(anonymous_19)
FNDA:0,(anonymous_20)
FNDA:0,(anonymous_21)
FNDA:0,(anonymous_22)
FNDA:8,(anonymous_23)
FNDA:13,(anonymous_24)
FNDA:0,(anonymous_25)
FNDA:9,(anonymous_26)
FNDA:16,(anonymous_27)
FNDA:8,(anonymous_28)
DA:1,1
DA:2,1
DA:3,1
DA:6,1
DA:8,1
DA:11,1
DA:12,0
DA:13,0
DA:22,5
DA:23,5
DA:24,5
DA:25,5
DA:26,5
DA:27,0
DA:29,5
DA:32,1
DA:33,13
DA:36,1
DA:37,9
DA:38,9
DA:41,1
DA:42,16
DA:45,21
DA:46,21
DA:48,8
DA:49,8
DA:50,8
DA:54,1
DA:55,1
DA:56,1
DA:58,1
DA:59,3
DA:61,1
DA:63,1
DA:64,1
DA:65,1
DA:66,0
DA:67,0
DA:69,1
DA:70,1
DA:71,1
DA:72,1
DA:75,1
DA:77,1
DA:78,1
DA:81,1
DA:82,8
DA:83,8
DA:84,8
DA:85,8
DA:88,0
DA:90,8
DA:91,8
DA:92,8
DA:93,8
DA:96,1
DA:97,0
DA:100,0
DA:102,0
DA:103,0
DA:105,0
DA:107,0
DA:108,0
DA:109,0
DA:112,8
DA:113,8
DA:114,13
DA:116,8
DA:120,0
DA:121,0
DA:122,0
DA:123,0
DA:125,0
DA:126,0
DA:129,1
DA:130,0
DA:131,0
DA:132,0
DA:134,0
DA:137,1
DA:138,9
DA:139,9
DA:140,16
DA:144,5
DA:151,0
DA:154,1
DA:155,8
DA:156,13
DA:157,13
DA:159,13
DA:161,8
DA:163,1
LF:92
LH:67
BRDA:26,0,0,0
BRDA:12,1,0,0
BRDA:46,2,0,13
BRDA:61,3,0,0
BRDA:65,4,0,0
BRDA:69,5,0,1
BRDA:70,6,0,1
BRDA:75,7,0,0
BRDA:84,8,0,0
BRDA:97,9,0,0
BRDA:105,10,0,0
BRDA:116,11,0,8
BRDA:122,12,0,0
BRDA:132,13,0,0
BRDA:157,14,0,0
BRF:15
BRH:4
end_of_record
TN:
SF:src/data/storage.ts
FN:6,loadPolygonItems
FN:21,savePolygonItems
FN:28,makeDefaultPolygonItemArray
FNF:3
FNH:2
FNDA:5,loadPolygonItems
FNDA:0,savePolygonItems
FNDA:5,makeDefaultPolygonItemArray
DA:1,1
DA:2,1
DA:4,1
DA:6,1
DA:7,5
DA:8,5
DA:9,5
DA:11,5
DA:12,5
DA:13,5
DA:14,0
DA:16,0
DA:17,0
DA:21,1
DA:25,0
DA:29,5
LF:16
LH:12
BRDA:9,0,0,0
BRDA:12,1,0,5
BRDA:12,2,0,5
BRDA:12,2,1,5
BRF:4
BRH:3
end_of_record
TN:
SF:src/data/types.ts
FN:24,isPolygonItemArray
FN:32,isPolygonItem
FN:43,isPoint
FNF:3
FNH:1
FNDA:5,isPolygonItemArray
FNDA:0,isPolygonItem
FNDA:0,isPoint
DA:1,1
DA:24,1
DA:25,5
DA:26,5
DA:27,0
DA:29,5
DA:32,1
DA:33,0
DA:34,0
DA:35,0
DA:36,0
DA:37,0
DA:38,0
DA:40,0
DA:43,1
DA:44,0
DA:45,0
DA:46,0
DA:47,0
LF:19
LH:7
BRDA:25,0,0,0
BRDA:27,1,0,0
BRDA:33,2,0,0
BRDA:34,3,0,0
BRDA:35,4,0,0
BRDA:36,5,0,0
BRDA:38,6,0,0
BRDA:44,7,0,0
BRDA:45,8,0,0
BRDA:46,9,0,0
BRF:10
BRH:0
end_of_record
TN:
SF:src/tool/async.ts
FN:1,debounce
FN:6,(anonymous_3)
FN:7,(anonymous_4)
FN:9,(anonymous_5)
FNF:4
FNH:3
FNDA:5,debounce
FNDA:10,(anonymous_3)
FNDA:10,(anonymous_4)
FNDA:0,(anonymous_5)
DA:1,1
DA:5,5
DA:6,20
DA:7,10
DA:8,10
DA:9,10
LF:6
LH:6
BRF:0
BRH:0
end_of_record
TN:
SF:src/tool/calc.ts
FN:3,subtractPoints
FN:10,addPoints
FN:17,scalePoint
FN:24,scalarProduct
FN:28,vectorProduct
FN:32,distance
FN:37,sameSign
FNF:7
FNH:2
FNDA:2,subtractPoints
FNDA:0,addPoints
FNDA:0,scalePoint
FNDA:5,scalarProduct
FNDA:0,vectorProduct
FNDA:0,distance
FNDA:0,sameSign
DA:3,2
DA:4,2
DA:10,2
DA:11,0
DA:17,2
DA:18,0
DA:24,2
DA:25,5
DA:28,2
DA:29,0
DA:32,2
DA:33,0
DA:34,0
DA:37,2
DA:38,0
LF:15
LH:9
BRDA:38,0,0,0
BRDA:38,0,1,0
BRDA:38,0,2,0
BRDA:38,0,3,0
BRF:4
BRH:0
end_of_record
TN:
SF:src/tool/generic-event.ts
FN:11,(anonymous_2)
FN:25,GenericEvent
FN:40,(anonymous_4)
FN:17,(anonymous_5)
FN:31,(anonymous_6)
FN:55,(anonymous_7)
FN:57,(anonymous_8)
FN:64,(anonymous_9)
FNF:8
FNH:3
FNDA:2,(anonymous_2)
FNDA:12,GenericEvent
FNDA:17,(anonymous_4)
FNDA:0,(anonymous_5)
FNDA:0,(anonymous_6)
FNDA:0,(anonymous_7)
FNDA:0,(anonymous_8)
FNDA:0,(anonymous_9)
DA:11,2
DA:12,12
DA:17,2
DA:18,0
DA:25,24
DA:31,2
DA:32,0
DA:33,0
DA:40,12
DA:41,17
DA:42,0
DA:43,0
DA:45,0
DA:46,0
DA:47,0
DA:55,2
DA:56,0
DA:57,0
DA:64,2
DA:65,0
DA:67,2
LF:21
LH:10
BRDA:25,0,0,12
BRF:1
BRH:1
end_of_record
TN:
SF:src/tool/guards.ts
FN:1,isString
FN:5,isNumber
FN:9,isArray
FN:13,isObject
FNF:4
FNH:1
FNDA:0,isString
FNDA:0,isNumber
FNDA:5,isArray
FNDA:0,isObject
DA:1,1
DA:2,0
DA:5,1
DA:6,0
DA:9,1
DA:10,5
DA:13,1
DA:14,0
DA:15,0
DA:16,0
LF:10
LH:5
BRDA:14,0,0,0
BRDA:15,1,0,0
BRF:2
BRH:0
end_of_record
