TN:
SF:src/game/sprites.ts
FN:4,(anonymous_2)
FN:7,Sprites
FN:9,(anonymous_4)
FN:14,(anonymous_5)
FN:16,(anonymous_6)
FN:21,(anonymous_7)
FN:30,(anonymous_8)
FN:37,(anonymous_9)
FN:41,(anonymous_10)
FN:44,(anonymous_11)
FN:54,(anonymous_12)
FN:67,forEach
FNF:12
FNH:11
FNDA:1,(anonymous_2)
FNDA:9,Sprites
FNDA:1,(anonymous_4)
FNDA:1,(anonymous_5)
FNDA:4,(anonymous_6)
FNDA:4,(anonymous_7)
FNDA:0,(anonymous_8)
FNDA:6,(anonymous_9)
FNDA:10,(anonymous_10)
FNDA:14,(anonymous_11)
FNDA:26,(anonymous_12)
FNDA:4,forEach
DA:4,1
DA:5,9
DA:7,9
DA:9,3
DA:10,1
DA:11,1
DA:12,0
DA:14,1
DA:15,4
DA:16,4
DA:21,4
DA:22,4
DA:23,4
DA:24,5
DA:25,5
DA:27,4
DA:30,1
DA:31,0
DA:37,1
DA:38,6
DA:41,28
DA:42,10
DA:43,10
DA:44,14
DA:46,22
DA:47,22
DA:48,26
DA:49,26
DA:54,1
DA:55,26
DA:56,26
DA:57,26
DA:58,0
DA:62,26
DA:63,26
DA:65,1
DA:68,4
DA:69,0
DA:71,4
LF:39
LH:35
BRDA:11,0,0,0
BRDA:21,1,0,0
BRDA:25,2,0,0
BRDA:30,3,0,0
BRDA:44,4,0,4
BRDA:57,5,0,0
BRDA:57,6,0,26
BRDA:57,6,1,26
BRDA:63,7,0,5
BRDA:63,7,1,21
BRDA:68,8,0,0
BRDA:68,8,1,4
BRF:12
BRH:6
end_of_record
